make.exe all --print-data-base --no-builtin-variables --no-builtin-rules --question
# GNU Make 3.81
# Copyright (C) 2006  Free Software Foundation, Inc.
# ï¿½ï¿½ï¿½ï¿½Íƒtï¿½ï¿½ï¿½[ï¿½\ï¿½tï¿½gï¿½Eï¿½Fï¿½Aï¿½Å‚ï¿½. ï¿½ï¿½ï¿½pï¿½ï¿½ï¿½ï¿½ï¿½É‚Â‚ï¿½ï¿½Ä‚Íƒ\ï¿½[ï¿½Xï¿½ï¿½
# ï¿½ï¿½ï¿½ï¿½ï¿½ï¿½ï¿½ï¿½ï¿½ï¿½ï¿½ï¿½.
# ï¿½ï¿½ï¿½Æï¿½ï¿½ï¿½ï¿½ï¿½ï¿½Ì–Ú“Iï¿½Ö‚Ì“Kï¿½ï¿½ï¿½ï¿½ï¿½Ì”@ï¿½ï¿½ï¿½ÉŠÖ‚ï¿½ç‚¸, ï¿½ï¿½ï¿½ÛØ‚Å‚ï¿½.

# This program built for i386-pc-mingw32
 

# Make ï¿½fï¿½[ï¿½^ï¿½xï¿½[ï¿½Xï¿½oï¿½ï¿½ Sat May 13 00:17:33 2023

# ï¿½Ïï¿½

# ï¿½ï¿½ï¿½ï¿½ï¿½Ïï¿½
<D = $(patsubst %/,%,$(dir $<))
# ï¿½ï¿½ï¿½ï¿½ï¿½Ïï¿½
?F = $(notdir $?)
# ï¿½Â‹ï¿½ï¿½Ïï¿½
WSLENV = WT_SESSION::WT_PROFILE_ID
# ï¿½Â‹ï¿½ï¿½Ïï¿½
ELECTRON_NO_ATTACH_CONSOLE = 1
# ï¿½Â‹ï¿½ï¿½Ïï¿½
VSCODE_CRASH_REPORTER_PROCESS_TYPE = extensionHost
# makefile ï¿½Ïï¿½
MAKEFLAGS = Rrqp
# ï¿½Â‹ï¿½ï¿½Ïï¿½
COMMANDPROMPTTYPE = Native
# ï¿½ï¿½ï¿½ï¿½ï¿½Ïï¿½
?D = $(patsubst %/,%,$(dir $?))
# ï¿½ï¿½ï¿½ï¿½ï¿½Ïï¿½
@D = $(patsubst %/,%,$(dir $@))
# ï¿½Â‹ï¿½ï¿½Ïï¿½
HOMEDRIVE = C:
# ï¿½ï¿½ï¿½ï¿½ï¿½Ïï¿½
@F = $(notdir $@)
# ï¿½ï¿½ï¿½ï¿½ï¿½Ïï¿½
^D = $(patsubst %/,%,$(dir $^))
# makefile ï¿½Ïï¿½
CURDIR := c:/Users/daiji/Main/code/projects/ScreenshotPlus
# ï¿½Â‹ï¿½ï¿½Ïï¿½
__VSCMD_PREINIT_INCLUDE = C:\MinGW\include
# ï¿½Â‹ï¿½ï¿½Ïï¿½
WINDOWSSDKVERSION = 10.0.22000.0\
# ï¿½Â‹ï¿½ï¿½Ïï¿½
WINDIR = C:\WINDOWS
# ï¿½Â‹ï¿½ï¿½Ïï¿½
VSCODE_NLS_CONFIG = {"locale":"ja","osLocale":"ja","availableLanguages":{"*":"ja"},"_languagePackId":"c6cbe84283a2fe17fea7e4a98e48ff4e.ja","_translationsConfigFile":"C:\\Users\\daiji\\AppData\\Roaming\\Code\\clp\\c6cbe84283a2fe17fea7e4a98e48ff4e.ja\\tcf.json","_cacheRoot":"C:\\Users\\daiji\\AppData\\Roaming\\Code\\clp\\c6cbe84283a2fe17fea7e4a98e48ff4e.ja","_resolvedLanguagePackCoreLocation":"C:\\Users\\daiji\\AppData\\Roaming\\Code\\clp\\c6cbe84283a2fe17fea7e4a98e48ff4e.ja\\b3e4e68a0bc097f0ae7907b217c1119af9e03435","_corruptedFile":"C:\\Users\\daiji\\AppData\\Roaming\\Code\\clp\\c6cbe84283a2fe17fea7e4a98e48ff4e.ja\\corrupted.info","_languagePackSupport":true}
# ï¿½Â‹ï¿½ï¿½Ïï¿½
ONEDRIVE = C:\Users\daiji\OneDrive - ï¿½xï¿½Rï¿½ï¿½ï¿½ï¿½ï¿½ï¿½w
# ï¿½Â‹ï¿½ï¿½Ïï¿½
PATHEXT = .COM;.EXE;.BAT;.CMD;.VBS;.VBE;.JS;.JSE;.WSF;.WSH;.MSC;.CPL
# makefile ï¿½Ïï¿½ (`makefile', 1 ï¿½sï¿½Ú‚ï¿½ï¿½ï¿½)
MAKEFILE_LIST :=  makefile
# ï¿½Â‹ï¿½ï¿½Ïï¿½
FPS_BROWSER_USER_PROFILE_STRING = Default
# ï¿½Â‹ï¿½ï¿½Ïï¿½
__DOTNET_PREFERRED_BITNESS = 64
# ï¿½Â‹ï¿½ï¿½Ïï¿½
VSINSTALLDIR = C:\Program Files\Microsoft Visual Studio\2022\Enterprise\
# ï¿½Â‹ï¿½ï¿½Ïï¿½
TMP = C:\Users\daiji\AppData\Local\Temp
# ï¿½Â‹ï¿½ï¿½Ïï¿½
FRAMEWORK40VERSION = v4.0
# ï¿½Â‹ï¿½ï¿½Ïï¿½
PROGRAMW6432 = C:\Program Files
# ï¿½Â‹ï¿½ï¿½Ïï¿½
PROGRAMDATA = C:\ProgramData
# ï¿½Â‹ï¿½ï¿½Ïï¿½
VSCMD_ARG_TGT_ARCH = x64
# ï¿½Â‹ï¿½ï¿½Ïï¿½
VSCODE_CWD = C:\Users\daiji\Main\code\projects\ScreenshotPlus
# ï¿½Â‹ï¿½ï¿½Ïï¿½
PATH = C:\Program Files\Microsoft Visual Studio\2022\Enterprise\VC\Tools\MSVC\14.35.32215\bin\HostX64\x64;C:\Program Files\Microsoft Visual Studio\2022\Enterprise\Common7\IDE\VC\VCPackages;C:\Program Files\Microsoft Visual Studio\2022\Enterprise\Common7\IDE\CommonExtensions\Microsoft\TestWindow;C:\Program Files\Microsoft Visual Studio\2022\Enterprise\Common7\IDE\CommonExtensions\Microsoft\TeamFoundation\Team Explorer;C:\Program Files\Microsoft Visual Studio\2022\Enterprise\MSBuild\Current\bin\Roslyn;C:\Program Files\Microsoft Visual Studio\2022\Enterprise\Team Tools\Performance Tools\x64;C:\Program Files\Microsoft Visual Studio\2022\Enterprise\Team Tools\Performance Tools;C:\Program Files (x86)\Microsoft SDKs\Windows\v10.0A\bin\NETFX 4.8 Tools\x64\;C:\Program Files\Microsoft Visual Studio\2022\Enterprise\Common7\IDE\CommonExtensions\Microsoft\FSharp\Tools;C:\Program Files\Microsoft Visual Studio\2022\Enterprise\Common7\IDE\Extensions\Microsoft\CodeCoverage.Console;C:\Program Files (x86)\Windows Kits\10\bin\10.0.22000.0\\x64;C:\Program Files (x86)\Windows Kits\10\bin\\x64;C:\Program Files\Microsoft Visual Studio\2022\Enterprise\\MSBuild\Current\Bin\amd64;C:\Windows\Microsoft.NET\Framework64\v4.0.30319;C:\Program Files\Microsoft Visual Studio\2022\Enterprise\Common7\IDE\;C:\Program Files\Microsoft Visual Studio\2022\Enterprise\Common7\Tools\;C:\Program Files\Common Files\Oracle\Java\javapath;C:\windows\system32;C:\windows;C:\windows\System32\Wbem;C:\windows\System32\WindowsPowerShell\v1.0\;C:\windows\System32\OpenSSH\;C:\Program Files\nodejs\;C:\Program Files\dotnet\;C:\Program Files\Git\cmd;C:\Program Files\Go\bin;C:\Program Files\Microsoft SQL Server\150\Tools\Binn\;C:\WINDOWS\system32;C:\WINDOWS;C:\WINDOWS\System32\Wbem;C:\WINDOWS\System32\WindowsPowerShell\v1.0\;C:\WINDOWS\System32\OpenSSH\;C:\Users\daiji\AppData\Local\Microsoft\WindowsApps;C:\Users\daiji\AppData\Roaming\npm;C:\Users\daiji\AppData\Local\Programs\Microsoft VS Code\bin;C:\Users\daiji\Main\LocalApps\MyTools\bin;C:\Users\daiji\AppData\Roaming\Microsoft\Windows\Start Menu\Programs\Chrome ï¿½Aï¿½vï¿½ï¿½;C:\Users\daiji\go\bin;C:\Users\daiji\Main\path;C:\Users\daiji\.dotnet\tools;C:\Program Files (x86)\GnuWin32\bin;C:\MinGW\bin;;C:\Program Files\Microsoft Visual Studio\2022\Enterprise\Common7\IDE\CommonExtensions\Microsoft\CMake\CMake\bin;C:\Program Files\Microsoft Visual Studio\2022\Enterprise\Common7\IDE\CommonExtensions\Microsoft\CMake\Ninja;C:\Program Files\Microsoft Visual Studio\2022\Enterprise\Common7\IDE\VC\Linux\bin\ConnectionManagerExe
# ï¿½Â‹ï¿½ï¿½Ïï¿½
FRAMEWORKDIR64 = C:\Windows\Microsoft.NET\Framework64\
# ï¿½Â‹ï¿½ï¿½Ïï¿½
COMMONPROGRAMW6432 = C:\Program Files\Common Files
# ï¿½Â‹ï¿½ï¿½Ïï¿½
VS170COMNTOOLS = C:\Program Files\Microsoft Visual Studio\2022\Enterprise\Common7\Tools\
# ï¿½Â‹ï¿½ï¿½Ïï¿½
VISUALSTUDIOVERSION = 17.0
# ï¿½Â‹ï¿½ï¿½Ïï¿½
PROCESSOR_ARCHITECTURE = x86
# ï¿½Â‹ï¿½ï¿½Ïï¿½
USERPROFILE = C:\Users\daiji
# ï¿½Â‹ï¿½ï¿½Ïï¿½
FRAMEWORKDIR = C:\Windows\Microsoft.NET\Framework64\
# ï¿½Â‹ï¿½ï¿½Ïï¿½
ALLUSERSPROFILE = C:\ProgramData
# ï¿½Â‹ï¿½ï¿½Ïï¿½
GOPATH = C:\Users\daiji\go
# ï¿½Â‹ï¿½ï¿½Ïï¿½
WINDOWSSDK_EXECUTABLEPATH_X64 = C:\Program Files (x86)\Microsoft SDKs\Windows\v10.0A\bin\NETFX 4.8 Tools\x64\
# ï¿½Â‹ï¿½ï¿½Ïï¿½
FRAMEWORKVERSION64 = v4.0.30319
# ï¿½Â‹ï¿½ï¿½Ïï¿½
NUMBER_OF_PROCESSORS = 8
# ï¿½Â‹ï¿½ï¿½Ïï¿½
ELECTRON_RUN_AS_NODE = 1
# ï¿½Â‹ï¿½ï¿½Ïï¿½
LIB = C:\Program Files\Microsoft Visual Studio\2022\Enterprise\VC\Tools\MSVC\14.35.32215\ATLMFC\lib\x64;C:\Program Files\Microsoft Visual Studio\2022\Enterprise\VC\Tools\MSVC\14.35.32215\lib\x64;C:\Program Files (x86)\Windows Kits\NETFXSDK\4.8\lib\um\x64;C:\Program Files (x86)\Windows Kits\10\lib\10.0.22000.0\ucrt\x64;C:\Program Files (x86)\Windows Kits\10\\lib\10.0.22000.0\\um\x64
# ï¿½fï¿½tï¿½Hï¿½ï¿½ï¿½g
.FEATURES := target-specific order-only second-expansion else-if archives
# ï¿½ï¿½ï¿½ï¿½ï¿½Ïï¿½
%F = $(notdir $%)
# ï¿½Â‹ï¿½ï¿½Ïï¿½
CHROME_CRASHPAD_PIPE_NAME = \\.\pipe\LOCAL\crashpad_12300_CBRSHRRVVTCDWHNR
# ï¿½Â‹ï¿½ï¿½Ïï¿½
FSHARPINSTALLDIR = C:\Program Files\Microsoft Visual Studio\2022\Enterprise\Common7\IDE\CommonExtensions\Microsoft\FSharp\Tools
# ï¿½Â‹ï¿½ï¿½Ïï¿½
EFC_6704 = 1
# ï¿½Â‹ï¿½ï¿½Ïï¿½
 
__VSCMD_PREINIT_PATH = C:\Program Files\Common Files\Oracle\Java\javapath;C:\windows\system32;C:\windows;C:\windows\System32\Wbem;C:\windows\System32\WindowsPowerShell\v1.0\;C:\windows\System32\OpenSSH\;C:\Program Files\nodejs\;C:\Program Files\dotnet\;C:\Program Files\Git\cmd;C:\Program Files\Go\bin;C:\Program Files\Microsoft SQL Server\150\Tools\Binn\;C:\WINDOWS\system32;C:\WINDOWS;C:\WINDOWS\System32\Wbem;C:\WINDOWS\System32\WindowsPowerShell\v1.0\;C:\WINDOWS\System32\OpenSSH\;C:\Users\daiji\AppData\Local\Microsoft\WindowsApps;C:\Users\daiji\AppData\Roaming\npm;C:\Users\daiji\AppData\Local\Programs\Microsoft VS Code\bin;C:\Users\daiji\Main\LocalApps\MyTools\bin;C:\Users\daiji\AppData\Roaming\Microsoft\Windows\Start Menu\Programs\Chrome ï¿½Aï¿½vï¿½ï¿½;C:\Users\daiji\go\bin;C:\Users\daiji\Main\path;C:\Users\daiji\.dotnet\tools;C:\Program Files (x86)\GnuWin32\bin;C:\MinGW\bin;
# ï¿½Â‹ï¿½ï¿½Ïï¿½
COMPUTERNAME = ONISHIDAIJIRO
# ï¿½Â‹ï¿½ï¿½Ïï¿½
PROGRAMFILES = C:\Program Files (x86)
# ï¿½Â‹ï¿½ï¿½Ïï¿½
VCTOOLSINSTALLDIR = C:\Program Files\Microsoft Visual Studio\2022\Enterprise\VC\Tools\MSVC\14.35.32215\
# ï¿½Â‹ï¿½ï¿½Ïï¿½
DRIVERDATA = C:\Windows\System32\Drivers\DriverData
# ï¿½Â‹ï¿½ï¿½Ïï¿½
ORIGINAL_XDG_CURRENT_DESKTOP = undefined
# ï¿½Â‹ï¿½ï¿½Ïï¿½
WT_SESSION = 27edc113-4d18-40d9-9322-6d1376468936
# ï¿½Â‹ï¿½ï¿½Ïï¿½
USERNAME = oonishi_daijiro
# ï¿½Â‹ï¿½ï¿½Ïï¿½
PUBLIC = C:\Users\Public
# ï¿½Â‹ï¿½ï¿½Ïï¿½
VSCODE_AMD_ENTRYPOINT = vs/workbench/api/node/extensionHostProcess
# ï¿½Â‹ï¿½ï¿½Ïï¿½
WINDOWSSDK_EXECUTABLEPATH_X86 = C:\Program Files (x86)\Microsoft SDKs\Windows\v10.0A\bin\NETFX 4.8 Tools\
# ï¿½Â‹ï¿½ï¿½Ïï¿½
VSCODE_CLI = 1
# ï¿½Â‹ï¿½ï¿½Ïï¿½
VSCODE_CODE_CACHE_PATH = C:\Users\daiji\AppData\Roaming\Code\CachedData\b3e4e68a0bc097f0ae7907b217c1119af9e03435
# ï¿½Â‹ï¿½ï¿½Ïï¿½
VSCMD_VER = 17.5.5
# ï¿½Â‹ï¿½ï¿½Ïï¿½
WINDOWSSDKVERBINPATH = C:\Program Files (x86)\Windows Kits\10\bin\10.0.22000.0\
# ï¿½Â‹ï¿½ï¿½Ïï¿½
APPLICATION_INSIGHTS_NO_DIAGNOSTIC_CHANNEL = true
# ï¿½Â‹ï¿½ï¿½Ïï¿½
COMMONPROGRAMFILES = C:\Program Files (x86)\Common Files
# ï¿½Â‹ï¿½ï¿½Ïï¿½
LOGONSERVER = \\ONISHIDAIJIRO
# ï¿½ï¿½ï¿½ï¿½ï¿½Ïï¿½
+F = $(notdir $+)
# ï¿½Â‹ï¿½ï¿½Ïï¿½
VSCODE_HANDLES_UNCAUGHT_ERRORS = true
# ï¿½Â‹ï¿½ï¿½Ïï¿½
USERDOMAIN = ONISHIDAIJIRO
# ï¿½Â‹ï¿½ï¿½Ïï¿½
VCIDEINSTALLDIR = C:\Program Files\Microsoft Visual Studio\2022\Enterprise\Common7\IDE\VC\
# ï¿½fï¿½tï¿½Hï¿½ï¿½ï¿½g
MAKE = $(MAKE_COMMAND)
# ï¿½fï¿½tï¿½Hï¿½ï¿½ï¿½g
MAKECMDGOALS := all
# ï¿½Â‹ï¿½ï¿½Ïï¿½
LIBPATH = C:\Program Files\Microsoft Visual Studio\2022\Enterprise\VC\Tools\MSVC\14.35.32215\ATLMFC\lib\x64;C:\Program Files\Microsoft Visual Studio\2022\Enterprise\VC\Tools\MSVC\14.35.32215\lib\x64;C:\Program Files\Microsoft Visual Studio\2022\Enterprise\VC\Tools\MSVC\14.35.32215\lib\x86\store\references;C:\Program Files (x86)\Windows Kits\10\UnionMetadata\10.0.22000.0;C:\Program Files (x86)\Windows Kits\10\References\10.0.22000.0;C:\Windows\Microsoft.NET\Framework64\v4.0.30319
# ï¿½Â‹ï¿½ï¿½Ïï¿½
ONEDRIVECOMMERCIAL = C:\Users\daiji\OneDrive - ï¿½xï¿½Rï¿½ï¿½ï¿½ï¿½ï¿½ï¿½w
# ï¿½Â‹ï¿½ï¿½Ïï¿½
VSCODE_CRASH_REPORTER_SANDBOXED_HINT = 1
# ï¿½fï¿½tï¿½Hï¿½ï¿½ï¿½g
MAKE_VERSION := 3.81
# makefile ï¿½Ïï¿½
.DEFAULT_GOAL := lib
# ï¿½Â‹ï¿½ï¿½Ïï¿½
INCLUDE = C:\Program Files\Microsoft Visual Studio\2022\Enterprise\VC\Tools\MSVC\14.35.32215\include;C:\Program Files\Microsoft Visual Studio\2022\Enterprise\VC\Tools\MSVC\14.35.32215\ATLMFC\include;C:\Program Files\Microsoft Visual Studio\2022\Enterprise\VC\Auxiliary\VS\include;C:\Program Files (x86)\Windows Kits\10\include\10.0.22000.0\ucrt;C:\Program Files (x86)\Windows Kits\10\\include\10.0.22000.0\\um;C:\Program Files (x86)\Windows Kits\10\\include\10.0.22000.0\\shared;C:\Program Files (x86)\Windows Kits\10\\include\10.0.22000.0\\winrt;C:\Program Files (x86)\Windows Kits\10\\include\10.0.22000.0\\cppwinrt;C:\Program Files (x86)\Windows Kits\NETFXSDK\4.8\include\um;C:\MinGW\include
# ï¿½Â‹ï¿½ï¿½Ïï¿½
UCRTVERSION = 10.0.22000.0
# ï¿½Â‹ï¿½ï¿½Ïï¿½
FRAMEWORKVERSION = v4.0.30319
# ï¿½Â‹ï¿½ï¿½Ïï¿½
PROGRAMFILES(X86) = C:\Program Files (x86)
# ï¿½ï¿½ï¿½ï¿½ï¿½Ïï¿½
%D = $(patsubst %/,%,$(dir $%))
# ï¿½Â‹ï¿½ï¿½Ïï¿½
LOCALAPPDATA = C:\Users\daiji\AppData\Local
# ï¿½Â‹ï¿½ï¿½Ïï¿½
PSMODULEPATH = C:\Users\daiji\Documents\WindowsPowerShell\Modules;C:\Program Files\WindowsPowerShell\Modules;C:\WINDOWS\system32\WindowsPowerShell\v1.0\Modules
# ï¿½fï¿½tï¿½Hï¿½ï¿½ï¿½g
MAKE_COMMAND := make.exe
# ï¿½Â‹ï¿½ï¿½Ïï¿½
VCTOOLSVERSION = 14.35.32215
# ï¿½Â‹ï¿½ï¿½Ïï¿½
PROCESSOR_ARCHITEW6432 = AMD64
# ï¿½Â‹ï¿½ï¿½Ïï¿½
EXTERNAL_INCLUDE = C:\Program Files\Microsoft Visual Studio\2022\Enterprise\VC\Tools\MSVC\14.35.32215\include;C:\Program Files\Microsoft Visual Studio\2022\Enterprise\VC\Tools\MSVC\14.35.32215\ATLMFC\include;C:\Program Files\Microsoft Visual Studio\2022\Enterprise\VC\Auxiliary\VS\include;C:\Program Files (x86)\Windows Kits\10\include\10.0.22000.0\ucrt;C:\Program Files (x86)\Windows Kits\10\\include\10.0.22000.0\\um;C:\Program Files (x86)\Windows Kits\10\\include\10.0.22000.0\\shared;C:\Program Files (x86)\Windows Kits\10\\include\10.0.22000.0\\winrt;C:\Program Files (x86)\Windows Kits\10\\include\10.0.22000.0\\cppwinrt;C:\Program Files (x86)\Windows Kits\NETFXSDK\4.8\include\um
# ï¿½fï¿½tï¿½Hï¿½ï¿½ï¿½g
.VARIABLES := 
# ï¿½ï¿½ï¿½ï¿½ï¿½Ïï¿½
*F = $(notdir $*)
# ï¿½Â‹ï¿½ï¿½Ïï¿½
PROCESSOR_IDENTIFIER = Intel64 Family 6 Model 140 Stepping 1, GenuineIntel
# ï¿½Â‹ï¿½ï¿½Ïï¿½
OS = Windows_NT
# ï¿½Â‹ï¿½ï¿½Ïï¿½
VSCODE_IPC_HOOK = \\.\pipe\96f297426d6b21d8132f1144f50a2827-1.78.2-main-sock
# ï¿½Â‹ï¿½ï¿½Ïï¿½
__DOTNET_ADD_64BIT = 1
# ï¿½Â‹ï¿½ï¿½Ïï¿½
DEVENVDIR = C:\Program Files\Microsoft Visual Studio\2022\Enterprise\Common7\IDE\
# ï¿½Â‹ï¿½ï¿½Ïï¿½
HOMEPATH = \Users\daiji
# ï¿½Â‹ï¿½ï¿½Ïï¿½
COMMONPROGRAMFILES(X86) = C:\Program Files (x86)\Common Files
# ï¿½Â‹ï¿½ï¿½Ïï¿½
PROMPT = $P$G
# ï¿½Â‹ï¿½ï¿½Ïï¿½
MFLAGS = -Rrqp
# ï¿½ï¿½ï¿½ï¿½ï¿½Ïï¿½
*D = $(patsubst %/,%,$(dir $*))
# ï¿½Â‹ï¿½ï¿½Ïï¿½
SYSTEMROOT = C:\WINDOWS
# ï¿½ï¿½ï¿½ï¿½ï¿½Ïï¿½
+D = $(patsubst %/,%,$(dir $+))
# ï¿½Â‹ï¿½ï¿½Ïï¿½
VSCODE_L10N_BUNDLE_LOCATION = file:///c%3A/Users/daiji/.vscode/extensions/ms-ceintl.vscode-language-pack-ja-1.78.2023051009/translations/extensions/vscode.json-language-features.i18n.json
# ï¿½fï¿½tï¿½Hï¿½ï¿½ï¿½g
SHELL := sh.exe
# ï¿½Â‹ï¿½ï¿½Ïï¿½
WINDOWSSDKDIR = C:\Program Files (x86)\Windows Kits\10\
# ï¿½Â‹ï¿½ï¿½Ïï¿½
APPDATA = C:\Users\daiji\AppData\Roaming
# ï¿½Â‹ï¿½ï¿½Ïï¿½
VSCMD_ARG_HOST_ARCH = x64
# ï¿½Â‹ï¿½ï¿½Ïï¿½
TEMP = C:\Users\daiji\AppData\Local\Temp
# ï¿½Â‹ï¿½ï¿½Ïï¿½
WT_PROFILE_ID = {f4482ab2-1710-5d48-88b6-6ac49710f71f}
# ï¿½Â‹ï¿½ï¿½Ïï¿½
COMSPEC = C:\WINDOWS\system32\cmd.exe
# ï¿½Â‹ï¿½ï¿½Ïï¿½
VCINSTALLDIR = C:\Program Files\Microsoft Visual Studio\2022\Enterprise\VC\
# ï¿½fï¿½tï¿½Hï¿½ï¿½ï¿½g
MAKEFILES := 
# ï¿½Â‹ï¿½ï¿½Ïï¿½
EXTENSIONSDKDIR = C:\Program Files (x86)\Microsoft SDKs\Windows Kits\10\ExtensionSDKs
# ï¿½Â‹ï¿½ï¿½Ïï¿½
NETFXSDKDIR = C:\Program Files (x86)\Windows Kits\NETFXSDK\4.8\
# ï¿½ï¿½ï¿½ï¿½ï¿½Ïï¿½
<F = $(notdir $<)
# ï¿½Â‹ï¿½ï¿½Ïï¿½
VCTOOLSREDISTDIR = C:\Program Files\Microsoft Visual Studio\2022\Enterprise\VC\Redist\MSVC\14.34.31931\
# ï¿½Â‹ï¿½ï¿½Ïï¿½
WINDOWSSDKBINPATH = C:\Program Files (x86)\Windows Kits\10\bin\
# ï¿½Â‹ï¿½ï¿½Ïï¿½
LC_ALL = C
# ï¿½Â‹ï¿½ï¿½Ïï¿½
WINDOWSLIBPATH = C:\Program Files (x86)\Windows Kits\10\UnionMetadata\10.0.22000.0;C:\Program Files (x86)\Windows Kits\10\References\10.0.22000.0
# ï¿½Â‹ï¿½ï¿½Ïï¿½
VSCMD_ARG_APP_PLAT = Desktop
# ï¿½ï¿½ï¿½ï¿½ï¿½Ïï¿½
^F = $(notdir $^)
# ï¿½fï¿½tï¿½Hï¿½ï¿½ï¿½g
SUFFIXES := 
# ï¿½Â‹ï¿½ï¿½Ïï¿½
SYSTEMDRIVE = C:
# ï¿½Â‹ï¿½ï¿½Ïï¿½
SESSIONNAME = Console
# ï¿½Â‹ï¿½ï¿½Ïï¿½
PROCESSOR_REVISION = 8c01
# ï¿½Â‹ï¿½ï¿½Ïï¿½
WINDOWSSDKLIBVERSION = 10.0.22000.0\
# ï¿½Â‹ï¿½ï¿½Ïï¿½
MAKELEVEL := 0
# ï¿½Â‹ï¿½ï¿½Ïï¿½
UNIVERSALCRTSDKDIR = C:\Program Files (x86)\Windows Kits\10\
# ï¿½Â‹ï¿½ï¿½Ïï¿½
LANG = C
# ï¿½Â‹ï¿½ï¿½Ïï¿½
PROCESSOR_LEVEL = 6
# ï¿½Â‹ï¿½ï¿½Ïï¿½
FPS_BROWSER_APP_PROFILE_STRING = Internet Explorer
# ï¿½Â‹ï¿½ï¿½Ïï¿½
VSCODE_PID = 12300
# ï¿½Â‹ï¿½ï¿½Ïï¿½
USERDOMAIN_ROAMINGPROFILE = ONISHIDAIJIRO
# ï¿½Ïï¿½ï¿½Zï¿½bï¿½gï¿½Ìƒnï¿½bï¿½Vï¿½ï¿½ï¿½eï¿½[ï¿½uï¿½ï¿½ï¿½Ìï¿½ï¿½:
# Load=134/1024=13%, Rehash=0, Collisions=15/154=10%

# Pattern-specific Variable Values

# ï¿½pï¿½^ï¿½[ï¿½ï¿½ï¿½wï¿½ï¿½Ïï¿½ï¿½Ì’lï¿½È‚ï¿½.

# ï¿½fï¿½Bï¿½ï¿½ï¿½Nï¿½gï¿½ï¿½

# : ï¿½ï¿½Ô‚ğ’²‚×‚ï¿½ï¿½Ü‚ï¿½ï¿½ï¿½Å‚ï¿½ï¿½ï¿½.
# C:\Program Files\Common Files\Oracle\Java\javapath (key C:/Program Files/Common Files/Oracle/Java/javapath, mtime 1683525799): 6 ï¿½Â‚Ìƒtï¿½@ï¿½Cï¿½ï¿½, 0 ï¿½Â‚Ì“Kï¿½pï¿½sï¿½\ï¿½tï¿½@ï¿½Cï¿½ï¿½ï¿½ï¿½.
# C:\Users\daiji\Main\LocalApps\MyTools\bin (key C:/Users/daiji/Main/LocalApps/MyTools/bin, mtime 1681097266): 13 ï¿½Â‚Ìƒtï¿½@ï¿½Cï¿½ï¿½, 0 ï¿½Â‚Ì“Kï¿½pï¿½sï¿½\ï¿½tï¿½@ï¿½Cï¿½ï¿½ï¿½ï¿½.
# C:\Program Files\Go\bin (key C:/Program Files/Go/bin, mtime 1661967092): 4 ï¿½Â‚Ìƒtï¿½@ï¿½Cï¿½ï¿½, 0 ï¿½Â‚Ì“Kï¿½pï¿½sï¿½\ï¿½tï¿½@ï¿½Cï¿½ï¿½ï¿½ï¿½.
# C:\Users\daiji\go\bin (key C:/Users/daiji/go/bin, mtime 1673838101): 11 ï¿½Â‚Ìƒtï¿½@ï¿½Cï¿½ï¿½, 0 ï¿½Â‚Ì“Kï¿½pï¿½sï¿½\ï¿½tï¿½@ï¿½Cï¿½ï¿½ï¿½ï¿½.
# C:\Program Files (x86)\Microsoft SDKs\Windows\v10.0A\bin\NETFX 4.8 Tools\x64\ (key C:/Program Files (x86)/Microsoft SDKs/Windows/v10.0A/bin/NETFX 4.8 Tools/x64/, mtime 1664784723): 33 ï¿½Â‚Ìƒtï¿½@ï¿½Cï¿½ï¿½, 0 ï¿½Â‚Ì“Kï¿½pï¿½sï¿½\ï¿½tï¿½@ï¿½Cï¿½ï¿½ï¿½ï¿½.
# C:\Program Files\Microsoft SQL Server\150\Tools\Binn\ (key C:/Program Files/Microsoft SQL Server/150/Tools/Binn/, mtime 1664784718): 4 ï¿½Â‚Ìƒtï¿½@ï¿½Cï¿½ï¿½, 0 ï¿½Â‚Ì“Kï¿½pï¿½sï¿½\ï¿½tï¿½@ï¿½Cï¿½ï¿½ï¿½ï¿½.
# C:\windows\System32\WindowsPowerShell\v1.0\ (key C:/windows/System32/WindowsPowerShell/v1.0/, mtime 1682485227): 33 ï¿½Â‚Ìƒtï¿½@ï¿½Cï¿½ï¿½, 0 ï¿½Â‚Ì“Kï¿½pï¿½sï¿½\ï¿½tï¿½@ï¿½Cï¿½ï¿½ï¿½ï¿½.
# C:\windows\System32\Wbem (key C:/windows/System32/Wbem, mtime 1682485227): 155 ï¿½Â‚Ìƒtï¿½@ï¿½Cï¿½ï¿½, 0 ï¿½Â‚Ì“Kï¿½pï¿½sï¿½\ï¿½tï¿½@ï¿½Cï¿½ï¿½ï¿½ï¿½.
# . (key c:/Users/daiji/Main/code/projects/ScreenshotPlus, mtime 1666148058): 16 ï¿½Â‚Ìƒtï¿½@ï¿½Cï¿½ï¿½, 0 ï¿½Â‚Ì“Kï¿½pï¿½sï¿½\ï¿½tï¿½@ï¿½Cï¿½ï¿½ï¿½ï¿½.
# C:\Program Files\Microsoft Visual Studio\2022\Enterprise\Common7\IDE\CommonExtensions\Microsoft\TeamFoundation\Team Explorer (key C:/Program Files/Microsoft Visual Studio/2022/Enterprise/Common7/IDE/CommonExtensions/Microsoft/TeamFoundation/Team Explorer, mtime 1683525439): 158 ï¿½Â‚Ìƒtï¿½@ï¿½Cï¿½ï¿½, 0 ï¿½Â‚Ì“Kï¿½pï¿½sï¿½\ï¿½tï¿½@ï¿½Cï¿½ï¿½ï¿½ï¿½.
# C:\Program Files\Microsoft Visual Studio\2022\Enterprise\Common7\IDE\CommonExtensions\Microsoft\CMake\Ninja (key C:/Program Files/Microsoft Visual Studio/2022/Enterprise/Common7/IDE/CommonExtensions/Microsoft/CMake/Ninja, mtime 1683526025): 3 ï¿½Â‚Ìƒtï¿½@ï¿½Cï¿½ï¿½, 0 ï¿½Â‚Ì“Kï¿½pï¿½sï¿½\ï¿½tï¿½@ï¿½Cï¿½ï¿½ï¿½ï¿½.
# C:\Program Files\Microsoft Visual Studio\2022\Enterprise\\MSBuild\Current\Bin\amd64 (key C:/Program Files/Microsoft Visual Studio/2022/Enterprise/MSBuild/Current/Bin/amd64, mtime 1683525441): 95 ï¿½Â‚Ìƒtï¿½@ï¿½Cï¿½ï¿½, 0 ï¿½Â‚Ì“Kï¿½pï¿½sï¿½\ï¿½tï¿½@ï¿½Cï¿½ï¿½ï¿½ï¿½.
# C:\Program Files (x86)\Windows Kits\10\bin\\x64 (key C:/Program Files (x86)/Windows Kits/10/bin/x64, mtime 1683525869): 4 ï¿½Â‚Ìƒtï¿½@ï¿½Cï¿½ï¿½, 0 ï¿½Â‚Ì“Kï¿½pï¿½sï¿½\ï¿½tï¿½@ï¿½Cï¿½ï¿½ï¿½ï¿½.
# C:\Program Files\nodejs\ (key C:/Program Files/nodejs/, mtime 1647674113): 13 ï¿½Â‚Ìƒtï¿½@ï¿½Cï¿½ï¿½, 0 ï¿½Â‚Ì“Kï¿½pï¿½sï¿½\ï¿½tï¿½@ï¿½Cï¿½ï¿½ï¿½ï¿½.
# C:\Program Files\Microsoft Visual Studio\2022\Enterprise\VC\Tools\MSVC\14.35.32215\bin\HostX64\x64 (key C:/Program Files/Microsoft Visual Studio/2022/Enterprise/VC/Tools/MSVC/14.35.32215/bin/HostX64/x64, mtime 1683526028): 70 ï¿½Â‚Ìƒtï¿½@ï¿½Cï¿½ï¿½, 0 ï¿½Â‚Ì“Kï¿½pï¿½sï¿½\ï¿½tï¿½@ï¿½Cï¿½ï¿½ï¿½ï¿½.
# C:\Windows\Microsoft.NET\Framework64\v4.0.30319 (key C:/Windows/Microsoft.NET/Framework64/v4.0.30319, mtime 1683872138): 411 ï¿½Â‚Ìƒtï¿½@ï¿½Cï¿½ï¿½, 0 ï¿½Â‚Ì“Kï¿½pï¿½sï¿½\ï¿½tï¿½@ï¿½Cï¿½ï¿½ï¿½ï¿½.
# C:\MinGW\bin (key C:/MinGW/bin, mtime 1683903486): 57 ï¿½Â‚Ìƒtï¿½@ï¿½Cï¿½ï¿½, 0 ï¿½Â‚Ì“Kï¿½pï¿½sï¿½\ï¿½tï¿½@ï¿½Cï¿½ï¿½ï¿½ï¿½.
# C:\Program Files\Microsoft Visual Studio\2022\Enterprise\Team Tools\Performance Tools (key C:/Program Files/Microsoft Visual Studio/2022/Enterprise/Team Tools/Performance Tools, mtime 1683525401): 33 ï¿½Â‚Ìƒtï¿½@ï¿½Cï¿½ï¿½, 0 ï¿½Â‚Ì“Kï¿½pï¿½sï¿½\ï¿½tï¿½@ï¿½Cï¿½ï¿½ï¿½ï¿½.
# C:\Program Files\Microsoft Visual Studio\2022\Enterprise\Common7\IDE\CommonExtensions\Microsoft\CMake\CMake\bin (key C:/Program Files/Microsoft Visual Studio/2022/Enterprise/Common7/IDE/CommonExtensions/Microsoft/CMake/CMake/bin, mtime 1683526020): 6 ï¿½Â‚Ìƒtï¿½@ï¿½Cï¿½ï¿½, 0 ï¿½Â‚Ì“Kï¿½pï¿½sï¿½\ï¿½tï¿½@ï¿½Cï¿½ï¿½ï¿½ï¿½.
# C:\windows\System32\OpenSSH\: ï¿½ï¿½Ô‚ğ’²‚×‚ï¿½ï¿½Ü‚ï¿½ï¿½ï¿½Å‚ï¿½ï¿½ï¿½.
# C:\Program Files\Microsoft Visual Studio\2022\Enterprise\MSBuild\Current\bin\Roslyn (key C:/Program Files/Microsoft Visual Studio/2022/Enterprise/MSBuild/Current/bin/Roslyn, mtime 1683525416): 47 ï¿½Â‚Ìƒtï¿½@ï¿½Cï¿½ï¿½, 0 ï¿½Â‚Ì“Kï¿½pï¿½sï¿½\ï¿½tï¿½@ï¿½Cï¿½ï¿½ï¿½ï¿½.
# C:\windows (key C:/windows, mtime 1682485269): 111 ï¿½Â‚Ìƒtï¿½@ï¿½Cï¿½ï¿½, 0 ï¿½Â‚Ì“Kï¿½pï¿½sï¿½\ï¿½tï¿½@ï¿½Cï¿½ï¿½ï¿½ï¿½.
# C:\Program Files\Microsoft Visual Studio\2022\Enterprise\Team Tools\Performance Tools\x64 (key C:/Program Files/Microsoft Visual Studio/2022/Enterprise/Team Tools/Performance Tools/x64, mtime 1683525400): 8 ï¿½Â‚Ìƒtï¿½@ï¿½Cï¿½ï¿½, 0 ï¿½Â‚Ì“Kï¿½pï¿½sï¿½\ï¿½tï¿½@ï¿½Cï¿½ï¿½ï¿½ï¿½.
# C:\Users\daiji\AppData\Local\Programs\Microsoft VS Code\bin (key C:/Users/daiji/AppData/Local/Programs/Microsoft VS Code/bin, mtime 1683864374): 5 ï¿½Â‚Ìƒtï¿½@ï¿½Cï¿½ï¿½, 0 ï¿½Â‚Ì“Kï¿½pï¿½sï¿½\ï¿½tï¿½@ï¿½Cï¿½ï¿½ï¿½ï¿½.
# C:\Program Files\Microsoft Visual Studio\2022\Enterprise\Common7\IDE\VC\Linux\bin\ConnectionManagerExe (key C:/Program Files/Microsoft Visual Studio/2022/Enterprise/Common7/IDE/VC/Linux/bin/ConnectionManagerExe, mtime 1683525505): 7 ï¿½Â‚Ìƒtï¿½@ï¿½Cï¿½ï¿½, 0 ï¿½Â‚Ì“Kï¿½pï¿½sï¿½\ï¿½tï¿½@ï¿½Cï¿½ï¿½ï¿½ï¿½.
# C:\Program Files (x86)\Windows Kits\10\bin\10.0.22000.0\\x64 (key C:/Program Files (x86)/Windows Kits/10/bin/10.0.22000.0/x64, mtime 1683525956): 203 ï¿½Â‚Ìƒtï¿½@ï¿½Cï¿½ï¿½, 0 ï¿½Â‚Ì“Kï¿½pï¿½sï¿½\ï¿½tï¿½@ï¿½Cï¿½ï¿½ï¿½ï¿½.
# C:\Users\daiji\AppData\Roaming\npm (key C:/Users/daiji/AppData/Roaming/npm, mtime 1681107574): 21 ï¿½Â‚Ìƒtï¿½@ï¿½Cï¿½ï¿½, 0 ï¿½Â‚Ì“Kï¿½pï¿½sï¿½\ï¿½tï¿½@ï¿½Cï¿½ï¿½ï¿½ï¿½.
# C:\Users\daiji\.dotnet\tools: ï¿½ï¿½Ô‚ğ’²‚×‚ï¿½ï¿½Ü‚ï¿½ï¿½ï¿½Å‚ï¿½ï¿½ï¿½.
# C:\Program Files\dotnet\ (key C:/Program Files/dotnet/, mtime 1683525614): 13 ï¿½Â‚Ìƒtï¿½@ï¿½Cï¿½ï¿½, 0 ï¿½Â‚Ì“Kï¿½pï¿½sï¿½\ï¿½tï¿½@ï¿½Cï¿½ï¿½ï¿½ï¿½.
# C:\Users\daiji\Main\path (key C:/Users/daiji/Main/path, mtime 1669599870): 3 ï¿½Â‚Ìƒtï¿½@ï¿½Cï¿½ï¿½, 0 ï¿½Â‚Ì“Kï¿½pï¿½sï¿½\ï¿½tï¿½@ï¿½Cï¿½ï¿½ï¿½ï¿½.
# C:\Users\daiji\AppData\Roaming\Microsoft\Windows\Start Menu\Programs\Chrome ï¿½Aï¿½vï¿½ï¿½ (key C:/Users/daiji/AppData/Roaming/Microsoft/Windows/Start Menu/Programs/Chrome ï¿½Aï¿½vï¿½ï¿½, mtime 1682995179): 13 ï¿½Â‚Ìƒtï¿½@ï¿½Cï¿½ï¿½, 0 ï¿½Â‚Ì“Kï¿½pï¿½sï¿½\ï¿½tï¿½@ï¿½Cï¿½ï¿½ï¿½ï¿½.
# C:\Program Files\Microsoft Visual Studio\2022\Enterprise\Common7\IDE\CommonExtensions\Microsoft\TestWindow (key C:/Program Files/Microsoft Visual Studio/2022/Enterprise/Common7/IDE/CommonExtensions/Microsoft/TestWindow, mtime 1683526018): 55 ï¿½Â‚Ìƒtï¿½@ï¿½Cï¿½ï¿½, 0 ï¿½Â‚Ì“Kï¿½pï¿½sï¿½\ï¿½tï¿½@ï¿½Cï¿½ï¿½ï¿½ï¿½.
# C:\Program Files\Microsoft Visual Studio\2022\Enterprise\Common7\IDE\ (key C:/Program Files/Microsoft Visual Studio/2022/Enterprise/Common7/IDE/, mtime 1683526015): 329 ï¿½Â‚Ìƒtï¿½@ï¿½Cï¿½ï¿½, 0 ï¿½Â‚Ì“Kï¿½pï¿½sï¿½\ï¿½tï¿½@ï¿½Cï¿½ï¿½ï¿½ï¿½.
# C:\Program Files\Git\cmd (key C:/Program Files/Git/cmd, mtime 1655272145): 8 ï¿½Â‚Ìƒtï¿½@ï¿½Cï¿½ï¿½, 0 ï¿½Â‚Ì“Kï¿½pï¿½sï¿½\ï¿½tï¿½@ï¿½Cï¿½ï¿½ï¿½ï¿½.
# C:\windows\system32 (key C:/windows/system32, mtime 1683904185): 2896 ï¿½Â‚Ìƒtï¿½@ï¿½Cï¿½ï¿½, 0 ï¿½Â‚Ì“Kï¿½pï¿½sï¿½\ï¿½tï¿½@ï¿½Cï¿½ï¿½ï¿½ï¿½.
# C:\Program Files\Microsoft Visual Studio\2022\Enterprise\Common7\IDE\Extensions\Microsoft\CodeCoverage.Console (key C:/Program Files/Microsoft Visual Studio/2022/Enterprise/Common7/IDE/Extensions/Microsoft/CodeCoverage.Console, mtime 1683525325): 37 ï¿½Â‚Ìƒtï¿½@ï¿½Cï¿½ï¿½, 0 ï¿½Â‚Ì“Kï¿½pï¿½sï¿½\ï¿½tï¿½@ï¿½Cï¿½ï¿½ï¿½ï¿½.
# C:\Program Files\Microsoft Visual Studio\2022\Enterprise\Common7\Tools\ (key C:/Program Files/Microsoft Visual Studio/2022/Enterprise/Common7/Tools/, mtime 1683525681): 52 ï¿½Â‚Ìƒtï¿½@ï¿½Cï¿½ï¿½, 0 ï¿½Â‚Ì“Kï¿½pï¿½sï¿½\ï¿½tï¿½@ï¿½Cï¿½ï¿½ï¿½ï¿½.
# C:\Users\daiji\AppData\Local\Microsoft\WindowsApps (key C:/Users/daiji/AppData/Local/Microsoft/WindowsApps, mtime 1683872851): 50 ï¿½Â‚Ìƒtï¿½@ï¿½Cï¿½ï¿½, 0 ï¿½Â‚Ì“Kï¿½pï¿½sï¿½\ï¿½tï¿½@ï¿½Cï¿½ï¿½ï¿½ï¿½.
# C:\Program Files\Microsoft Visual Studio\2022\Enterprise\Common7\IDE\CommonExtensions\Microsoft\FSharp\Tools (key C:/Program Files/Microsoft Visual Studio/2022/Enterprise/Common7/IDE/CommonExtensions/Microsoft/FSharp/Tools, mtime 1683525625): 69 ï¿½Â‚Ìƒtï¿½@ï¿½Cï¿½ï¿½, 0 ï¿½Â‚Ì“Kï¿½pï¿½sï¿½\ï¿½tï¿½@ï¿½Cï¿½ï¿½ï¿½ï¿½.
# C:\Program Files\Microsoft Visual Studio\2022\Enterprise\Common7\IDE\VC\VCPackages (key C:/Program Files/Microsoft Vi 
make.exe: *** ï¿½^ï¿½[ï¿½Qï¿½bï¿½g `all' ï¿½ï¿½ make ï¿½ï¿½ï¿½éƒ‹ï¿½[ï¿½ï¿½ï¿½ï¿½ï¿½ï¿½ï¿½ï¿½Ü‚ï¿½ï¿½ï¿½.  ï¿½ï¿½ï¿½~.

sual Studio/2022/Enterprise/Common7/IDE/VC/VCPackages, mtime 1683526027): 52 ï¿½Â‚Ìƒtï¿½@ï¿½Cï¿½ï¿½, 0 ï¿½Â‚Ì“Kï¿½pï¿½sï¿½\ï¿½tï¿½@ï¿½Cï¿½ï¿½ï¿½ï¿½.
# C:\Program Files (x86)\GnuWin32\bin (key C:/Program Files (x86)/GnuWin32/bin, mtime 1683902873): 5 ï¿½Â‚Ìƒtï¿½@ï¿½Cï¿½ï¿½, 0 ï¿½Â‚Ì“Kï¿½pï¿½sï¿½\ï¿½tï¿½@ï¿½Cï¿½ï¿½ï¿½ï¿½.

# 5109 ï¿½Â‚Ìƒtï¿½@ï¿½Cï¿½ï¿½, 0 ï¿½Â‚Ì“Kï¿½pï¿½sï¿½\ï¿½tï¿½@ï¿½Cï¿½ï¿½ï¿½ï¿½ (42 ï¿½Â‚Ìƒfï¿½Bï¿½ï¿½ï¿½Nï¿½gï¿½ï¿½ï¿½ï¿½).

# ï¿½Ã–Ùƒï¿½ï¿½[ï¿½ï¿½

# ï¿½Ã–Ùƒï¿½ï¿½[ï¿½ï¿½ï¿½È‚ï¿½.

# ï¿½tï¿½@ï¿½Cï¿½ï¿½

# ï¿½^ï¿½[ï¿½Qï¿½bï¿½gï¿½Å‚Í‚ï¿½ï¿½ï¿½Ü‚ï¿½ï¿½ï¿½:
all:
#  ï¿½Rï¿½}ï¿½ï¿½ï¿½hï¿½ï¿½ï¿½Cï¿½ï¿½ï¿½^ï¿½[ï¿½Qï¿½bï¿½g.
#  ï¿½Ã–Ùƒï¿½ï¿½[ï¿½ï¿½ï¿½Ì’Tï¿½ï¿½ï¿½ï¿½ï¿½sï¿½ï¿½ï¿½Ü‚ï¿½ï¿½ï¿½.
#  ï¿½tï¿½@ï¿½Cï¿½ï¿½ï¿½ï¿½ï¿½ï¿½ï¿½İ‚ï¿½ï¿½Ü‚ï¿½ï¿½ï¿½.
#  ï¿½tï¿½@ï¿½Cï¿½ï¿½ï¿½ÍXï¿½Vï¿½ï¿½ï¿½ï¿½Ä‚ï¿½ï¿½Ü‚ï¿½ï¿½ï¿½.
# ï¿½Ïï¿½ï¿½Zï¿½bï¿½gï¿½Ìƒnï¿½bï¿½Vï¿½ï¿½ï¿½eï¿½[ï¿½uï¿½ï¿½ï¿½Ìï¿½ï¿½:
# Load=0/32=0%, Rehash=0, Collisions=0/0=0%

# ï¿½^ï¿½[ï¿½Qï¿½bï¿½gï¿½Å‚Í‚ï¿½ï¿½ï¿½Ü‚ï¿½ï¿½ï¿½:
.DEFAULT:
#  ï¿½Ã–Ùƒï¿½ï¿½[ï¿½ï¿½ï¿½Ì’Tï¿½ï¿½ï¿½Ísï¿½ï¿½ï¿½Ü‚ï¿½ï¿½ï¿½Å‚ï¿½ï¿½ï¿½.
#  ï¿½Cï¿½ï¿½ï¿½ï¿½ï¿½ï¿½ï¿½ï¿½ï¿½`ï¿½Fï¿½bï¿½Nï¿½ï¿½ï¿½ï¿½é‚±ï¿½Æ‚Í‚ï¿½ï¿½ï¿½Ü‚ï¿½ï¿½ï¿½.
#  ï¿½tï¿½@ï¿½Cï¿½ï¿½ï¿½ÍXï¿½Vï¿½ï¿½ï¿½ï¿½Ä‚ï¿½ï¿½Ü‚ï¿½ï¿½ï¿½.

# ï¿½^ï¿½[ï¿½Qï¿½bï¿½gï¿½Å‚Í‚ï¿½ï¿½ï¿½Ü‚ï¿½ï¿½ï¿½:
win32SharedMem/win32SharedMem.cpp:
#  ï¿½Ã–Ùƒï¿½ï¿½[ï¿½ï¿½ï¿½Ì’Tï¿½ï¿½ï¿½Ísï¿½ï¿½ï¿½Ü‚ï¿½ï¿½ï¿½Å‚ï¿½ï¿½ï¿½.
#  ï¿½Cï¿½ï¿½ï¿½ï¿½ï¿½ï¿½ï¿½ï¿½ï¿½`ï¿½Fï¿½bï¿½Nï¿½ï¿½ï¿½ï¿½é‚±ï¿½Æ‚Í‚ï¿½ï¿½ï¿½Ü‚ï¿½ï¿½ï¿½.
#  ï¿½tï¿½@ï¿½Cï¿½ï¿½ï¿½ÍXï¿½Vï¿½ï¿½ï¿½ï¿½Ä‚ï¿½ï¿½Ü‚ï¿½ï¿½ï¿½.

# ï¿½^ï¿½[ï¿½Qï¿½bï¿½gï¿½Å‚Í‚ï¿½ï¿½ï¿½Ü‚ï¿½ï¿½ï¿½:
screenshotpp.cpp:
#  ï¿½Ã–Ùƒï¿½ï¿½[ï¿½ï¿½ï¿½Ì’Tï¿½ï¿½ï¿½Ísï¿½ï¿½ï¿½Ü‚ï¿½ï¿½ï¿½Å‚ï¿½ï¿½ï¿½.
#  ï¿½Cï¿½ï¿½ï¿½ï¿½ï¿½ï¿½ï¿½ï¿½ï¿½`ï¿½Fï¿½bï¿½Nï¿½ï¿½ï¿½ï¿½é‚±ï¿½Æ‚Í‚ï¿½ï¿½ï¿½Ü‚ï¿½ï¿½ï¿½.
#  ï¿½tï¿½@ï¿½Cï¿½ï¿½ï¿½ÍXï¿½Vï¿½ï¿½ï¿½ï¿½Ä‚ï¿½ï¿½Ü‚ï¿½ï¿½ï¿½.

# ï¿½^ï¿½[ï¿½Qï¿½bï¿½gï¿½Å‚Í‚ï¿½ï¿½ï¿½Ü‚ï¿½ï¿½ï¿½:
makefile:
#  ï¿½Ã–Ùƒï¿½ï¿½[ï¿½ï¿½ï¿½Ì’Tï¿½ï¿½ï¿½ï¿½ï¿½sï¿½ï¿½ï¿½Ü‚ï¿½ï¿½ï¿½.
#  ï¿½ÅIï¿½Cï¿½ï¿½ 2022-10-19 11:53:07
#  ï¿½tï¿½@ï¿½Cï¿½ï¿½ï¿½ÍXï¿½Vï¿½ï¿½ï¿½ï¿½Ä‚ï¿½ï¿½Ü‚ï¿½.
#  ï¿½Xï¿½Vï¿½Éï¿½ï¿½ï¿½ï¿½ï¿½ï¿½Ü‚ï¿½ï¿½ï¿½.
# ï¿½Ïï¿½ï¿½Zï¿½bï¿½gï¿½Ìƒnï¿½bï¿½Vï¿½ï¿½ï¿½eï¿½[ï¿½uï¿½ï¿½ï¿½Ìï¿½ï¿½:
# Load=0/32=0%, Rehash=0, Collisions=0/0=0%

build: screenshotpp.cpp
#  ï¿½Ã–Ùƒï¿½ï¿½[ï¿½ï¿½ï¿½Ì’Tï¿½ï¿½ï¿½Ísï¿½ï¿½ï¿½Ü‚ï¿½ï¿½ï¿½Å‚ï¿½ï¿½ï¿½.
#  ï¿½Cï¿½ï¿½ï¿½ï¿½ï¿½ï¿½ï¿½ï¿½ï¿½`ï¿½Fï¿½bï¿½Nï¿½ï¿½ï¿½ï¿½é‚±ï¿½Æ‚Í‚ï¿½ï¿½ï¿½Ü‚ï¿½ï¿½ï¿½.
#  ï¿½tï¿½@ï¿½Cï¿½ï¿½ï¿½ÍXï¿½Vï¿½ï¿½ï¿½ï¿½Ä‚ï¿½ï¿½Ü‚ï¿½ï¿½ï¿½.
#  ï¿½ï¿½ï¿½sï¿½ï¿½ï¿½ï¿½Rï¿½}ï¿½ï¿½ï¿½h (`makefile', 6 ï¿½sï¿½Ú‚ï¿½ï¿½ï¿½):
	make lib
	cl screenshotpp.cpp clipboard.obj screenshot.obj win32SharedMem.obj /EHsc /link /SUBSYSTEM:WINDOWS
	

lib: screenshot/screenshot.cpp clipboard/clipboard.cpp win32SharedMem/win32SharedMem.cpp
#  ï¿½Ã–Ùƒï¿½ï¿½[ï¿½ï¿½ï¿½Ì’Tï¿½ï¿½ï¿½Ísï¿½ï¿½ï¿½Ü‚ï¿½ï¿½ï¿½Å‚ï¿½ï¿½ï¿½.
#  ï¿½Cï¿½ï¿½ï¿½ï¿½ï¿½ï¿½ï¿½ï¿½ï¿½`ï¿½Fï¿½bï¿½Nï¿½ï¿½ï¿½ï¿½é‚±ï¿½Æ‚Í‚ï¿½ï¿½ï¿½Ü‚ï¿½ï¿½ï¿½.
#  ï¿½tï¿½@ï¿½Cï¿½ï¿½ï¿½ÍXï¿½Vï¿½ï¿½ï¿½ï¿½Ä‚ï¿½ï¿½Ü‚ï¿½ï¿½ï¿½.
#  ï¿½ï¿½ï¿½sï¿½ï¿½ï¿½ï¿½Rï¿½}ï¿½ï¿½ï¿½h (`makefile', 2 ï¿½sï¿½Ú‚ï¿½ï¿½ï¿½):
	cl /c ./screenshot/screenshot.cpp
	cl /c ./clipboard/clipboard.cpp
	cl /c ./win32SharedMem/win32SharedMem.cpp
	

# ï¿½^ï¿½[ï¿½Qï¿½bï¿½gï¿½Å‚Í‚ï¿½ï¿½ï¿½Ü‚ï¿½ï¿½ï¿½:
.SUFFIXES:
#  ï¿½Ã–Ùƒï¿½ï¿½[ï¿½ï¿½ï¿½Ì’Tï¿½ï¿½ï¿½Ísï¿½ï¿½ï¿½Ü‚ï¿½ï¿½ï¿½Å‚ï¿½ï¿½ï¿½.
#  ï¿½Cï¿½ï¿½ï¿½ï¿½ï¿½ï¿½ï¿½ï¿½ï¿½`ï¿½Fï¿½bï¿½Nï¿½ï¿½ï¿½ï¿½é‚±ï¿½Æ‚Í‚ï¿½ï¿½ï¿½Ü‚ï¿½ï¿½ï¿½.
#  ï¿½tï¿½@ï¿½Cï¿½ï¿½ï¿½ÍXï¿½Vï¿½ï¿½ï¿½ï¿½Ä‚ï¿½ï¿½Ü‚ï¿½ï¿½ï¿½.

# ï¿½^ï¿½[ï¿½Qï¿½bï¿½gï¿½Å‚Í‚ï¿½ï¿½ï¿½Ü‚ï¿½ï¿½ï¿½:
screenshot/screenshot.cpp:
#  ï¿½Ã–Ùƒï¿½ï¿½[ï¿½ï¿½ï¿½Ì’Tï¿½ï¿½ï¿½Ísï¿½ï¿½ï¿½Ü‚ï¿½ï¿½ï¿½Å‚ï¿½ï¿½ï¿½.
#  ï¿½Cï¿½ï¿½ï¿½ï¿½ï¿½ï¿½ï¿½ï¿½ï¿½`ï¿½Fï¿½bï¿½Nï¿½ï¿½ï¿½ï¿½é‚±ï¿½Æ‚Í‚ï¿½ï¿½ï¿½Ü‚ï¿½ï¿½ï¿½.
#  ï¿½tï¿½@ï¿½Cï¿½ï¿½ï¿½ÍXï¿½Vï¿½ï¿½ï¿½ï¿½Ä‚ï¿½ï¿½Ü‚ï¿½ï¿½ï¿½.

# ï¿½^ï¿½[ï¿½Qï¿½bï¿½gï¿½Å‚Í‚ï¿½ï¿½ï¿½Ü‚ï¿½ï¿½ï¿½:
clipboard/clipboard.cpp:
#  ï¿½Ã–Ùƒï¿½ï¿½[ï¿½ï¿½ï¿½Ì’Tï¿½ï¿½ï¿½Ísï¿½ï¿½ï¿½Ü‚ï¿½ï¿½ï¿½Å‚ï¿½ï¿½ï¿½.
#  ï¿½Cï¿½ï¿½ï¿½ï¿½ï¿½ï¿½ï¿½ï¿½ï¿½`ï¿½Fï¿½bï¿½Nï¿½ï¿½ï¿½ï¿½é‚±ï¿½Æ‚Í‚ï¿½ï¿½ï¿½Ü‚ï¿½ï¿½ï¿½.
#  ï¿½tï¿½@ï¿½Cï¿½ï¿½ï¿½ÍXï¿½Vï¿½ï¿½ï¿½ï¿½Ä‚ï¿½ï¿½Ü‚ï¿½ï¿½ï¿½.

# ï¿½tï¿½@ï¿½Cï¿½ï¿½ï¿½nï¿½bï¿½Vï¿½ï¿½ï¿½eï¿½[ï¿½uï¿½ï¿½ï¿½Ìï¿½ï¿½:
# Load=10/1024=1%, Rehash=0, Collisions=0/25=0%
# VPATH ï¿½Tï¿½ï¿½ï¿½pï¿½X

# `vpath' ï¿½Tï¿½ï¿½ï¿½pï¿½Xï¿½Í‚ï¿½ï¿½ï¿½Ü‚ï¿½ï¿½ï¿½

# ï¿½ï¿½Ê‚ï¿½ (`VPATH' ï¿½Ïï¿½) ï¿½Tï¿½ï¿½ï¿½pï¿½Xï¿½È‚ï¿½.

# # of strings in strcache: 1
# # of strcache buffers: 1
# strcache size: total = 4096 / max = 4096 / min = 4096 / avg = 4096
# strcache free: total = 4087 / max = 4087 / min = 4087 / avg = 4087

# Make ï¿½fï¿½[ï¿½^ï¿½xï¿½[ï¿½Xï¿½Iï¿½ï¿½ Sat May 13 00:17:33 2023

 
